<?xml version="1.0" encoding="UTF-8"?>
<!-- Generated by org.testng.reporters.JUnitXMLReporter -->
<testsuite hostname="DESKTOP-3FA80IL" ignored="0" name="Test" tests="10" failures="0" timestamp="2020-06-03T15:07:38 EDT" time="0.049" errors="0">
  <testcase name="testcase3" time="0.004" classname="com.TestNG.prioritytestcase"/>
  <testcase name="testcase2" time="0.006" classname="com.TestNG.TestCase1"/>
  <testcase name="testcase4" time="0.006" classname="com.TestNG.ParallelExecution1"/>
  <testcase name="testcase1" time="0.005" classname="com.TestNG.ParallellExecution"/>
  <testcase name="testcase2" time="0.002" classname="com.TestNG.ParallellExecution"/>
  <testcase name="testcase2" time="0.002" classname="com.TestNG.prioritytestcase"/>
  <testcase name="testcase5" time="0.004" classname="com.TestNG.ParallelExecution1"/>
  <testcase name="testcase1" time="0.001" classname="com.TestNG.prioritytestcase"/>
  <testcase name="testcase3" time="0.003" classname="com.TestNG.ParallellExecution"/>
  <testcase name="testcase6" time="0.002" classname="com.TestNG.ParallelExecution1"/>
</testsuite> <!-- Test -->
